<?xml version="1.0" encoding="UTF-8"?>
<!-- Generated by org.testng.reporters.JUnitReportReporter -->
<testsuite skipped="0" hostname="DESKTOP-CS733UO" name="appcode.NewTest" tests="1" failures="0" timestamp="04 Jul 2022 14:09:51 GMT" time="0.022" errors="0">
  <testcase name="test1" time="0.022" classname="appcode.NewTest"/>
</testsuite> <!-- appcode.NewTest -->
